# JRE version: OpenJDK Runtime Environment (8.0_112-b06) (build 1.8.0_112-release-b06)
# Java VM: OpenJDK 64-Bit Server VM (25.112-b06 mixed mode windows-amd64 compressed oops)
Heap:
 PSYoungGen      total 417280K, used 46641K [0x00000000e0000000, 0x00000000ff300000, 0x0000000100000000)
  eden space 318976K, 0% used [0x00000000e0000000,0x00000000e0000000,0x00000000f3780000)
  from space 98304K, 47% used [0x00000000f9300000,0x00000000fc08c5c0,0x00000000ff300000)
  to   space 93696K, 0% used [0x00000000f3780000,0x00000000f3780000,0x00000000f9300000)
 ParOldGen       total 483328K, used 441316K [0x00000000a0000000, 0x00000000bd800000, 0x00000000e0000000)
  object space 483328K, 91% used [0x00000000a0000000,0x00000000baef91e8,0x00000000bd800000)
 Metaspace       used 83338K, capacity 85742K, committed 86272K, reserved 1124352K
  class space    used 10153K, capacity 10708K, committed 10752K, reserved 1048576K
GC Heap History (10 events):
Event: 152.403 GC heap after
Heap after GC invocations=43 (full 5):
 PSYoungGen      total 403968K, used 43739K [0x00000000e0000000, 0x0000000100000000, 0x0000000100000000)
  eden space 285696K, 0% used [0x00000000e0000000,0x00000000e0000000,0x00000000f1700000)
  from space 118272K, 36% used [0x00000000f8580000,0x00000000fb036c50,0x00000000ff900000)
  to   space 113152K, 0% used [0x00000000f1700000,0x00000000f1700000,0x00000000f8580000)
 ParOldGen       total 483328K, used 270821K [0x00000000a0000000, 0x00000000bd800000, 0x00000000e0000000)
  object space 483328K, 56% used [0x00000000a0000000,0x00000000b08796b0,0x00000000bd800000)
 Metaspace       used 83327K, capacity 85742K, committed 86272K, reserved 1124352K
  class space    used 10153K, capacity 10708K, committed 10752K, reserved 1048576K
}
Event: 153.768 GC heap before
{Heap before GC invocations=44 (full 5):
 PSYoungGen      total 403968K, used 329435K [0x00000000e0000000, 0x0000000100000000, 0x0000000100000000)
  eden space 285696K, 100% used [0x00000000e0000000,0x00000000f1700000,0x00000000f1700000)
  from space 118272K, 36% used [0x00000000f8580000,0x00000000fb036c50,0x00000000ff900000)
  to   space 113152K, 0% used [0x00000000f1700000,0x00000000f1700000,0x00000000f8580000)
 ParOldGen       total 483328K, used 270821K [0x00000000a0000000, 0x00000000bd800000, 0x00000000e0000000)
  object space 483328K, 56% used [0x00000000a0000000,0x00000000b08796b0,0x00000000bd800000)
 Metaspace       used 83334K, capacity 85742K, committed 86272K, reserved 1124352K
  class space    used 10153K, capacity 10708K, committed 10752K, reserved 1048576K
Event: 153.957 GC heap after
Heap after GC invocations=44 (full 5):
 PSYoungGen      total 398848K, used 45419K [0x00000000e0000000, 0x00000000ff000000, 0x0000000100000000)
  eden space 285696K, 0% used [0x00000000e0000000,0x00000000e0000000,0x00000000f1700000)
  from space 113152K, 40% used [0x00000000f1700000,0x00000000f435ad78,0x00000000f8580000)
  to   space 107520K, 0% used [0x00000000f8700000,0x00000000f8700000,0x00000000ff000000)
 ParOldGen       total 483328K, used 312643K [0x00000000a0000000, 0x00000000bd800000, 0x00000000e0000000)
  object space 483328K, 64% used [0x00000000a0000000,0x00000000b3150fd8,0x00000000bd800000)
 Metaspace       used 83334K, capacity 85742K, committed 86272K, reserved 1124352K
  class space    used 10153K, capacity 10708K, committed 10752K, reserved 1048576K
}
Event: 155.046 GC heap before
{Heap before GC invocations=45 (full 5):
 PSYoungGen      total 398848K, used 331115K [0x00000000e0000000, 0x00000000ff000000, 0x0000000100000000)
  eden space 285696K, 100% used [0x00000000e0000000,0x00000000f1700000,0x00000000f1700000)
  from space 113152K, 40% used [0x00000000f1700000,0x00000000f435ad78,0x00000000f8580000)
  to   space 107520K, 0% used [0x00000000f8700000,0x00000000f8700000,0x00000000ff000000)
 ParOldGen       total 483328K, used 312643K [0x00000000a0000000, 0x00000000bd800000, 0x00000000e0000000)
  object space 483328K, 64% used [0x00000000a0000000,0x00000000b3150fd8,0x00000000bd800000)
 Metaspace       used 83336K, capacity 85742K, committed 86272K, reserved 1124352K
  class space    used 10153K, capacity 10708K, committed 10752K, reserved 1048576K
Event: 155.232 GC heap after
Heap after GC invocations=45 (full 5):
 PSYoungGen      total 405504K, used 44923K [0x00000000e0000000, 0x00000000ff080000, 0x0000000100000000)
  eden space 297984K, 0% used [0x00000000e0000000,0x00000000e0000000,0x00000000f2300000)
  from space 107520K, 41% used [0x00000000f8700000,0x00000000fb2deef8,0x00000000ff000000)
  to   space 102400K, 0% used [0x00000000f2300000,0x00000000f2300000,0x00000000f8700000)
 ParOldGen       total 483328K, used 355990K [0x00000000a0000000, 0x00000000bd800000, 0x00000000e0000000)
  object space 483328K, 73% used [0x00000000a0000000,0x00000000b5ba59d0,0x00000000bd800000)
 Metaspace       used 83336K, capacity 85742K, committed 86272K, reserved 1124352K
  class space    used 10153K, capacity 10708K, committed 10752K, reserved 1048576K
}
Event: 156.023 GC heap before
{Heap before GC invocations=46 (full 5):
 PSYoungGen      total 405504K, used 342907K [0x00000000e0000000, 0x00000000ff080000, 0x0000000100000000)
  eden space 297984K, 100% used [0x00000000e0000000,0x00000000f2300000,0x00000000f2300000)
  from space 107520K, 41% used [0x00000000f8700000,0x00000000fb2deef8,0x00000000ff000000)
  to   space 102400K, 0% used [0x00000000f2300000,0x00000000f2300000,0x00000000f8700000)
 ParOldGen       total 483328K, used 355990K [0x00000000a0000000, 0x00000000bd800000, 0x00000000e0000000)
  object space 483328K, 73% used [0x00000000a0000000,0x00000000b5ba59d0,0x00000000bd800000)
 Metaspace       used 83338K, capacity 85742K, committed 86272K, reserved 1124352K
  class space    used 10153K, capacity 10708K, committed 10752K, reserved 1048576K
Event: 156.186 GC heap after
Heap after GC invocations=46 (full 5):
 PSYoungGen      total 400384K, used 43339K [0x00000000e0000000, 0x00000000ff300000, 0x0000000100000000)
  eden space 297984K, 0% used [0x00000000e0000000,0x00000000e0000000,0x00000000f2300000)
  from space 102400K, 42% used [0x00000000f2300000,0x00000000f4d52cc0,0x00000000f8700000)
  to   space 98304K, 0% used [0x00000000f9300000,0x00000000f9300000,0x00000000ff300000)
 ParOldGen       total 483328K, used 399430K [0x00000000a0000000, 0x00000000bd800000, 0x00000000e0000000)
  object space 483328K, 82% used [0x00000000a0000000,0x00000000b86119e8,0x00000000bd800000)
 Metaspace       used 83338K, capacity 85742K, committed 86272K, reserved 1124352K
  class space    used 10153K, capacity 10708K, committed 10752K, reserved 1048576K
}
Event: 156.874 GC heap before
{Heap before GC invocations=47 (full 5):
 PSYoungGen      total 400384K, used 341323K [0x00000000e0000000, 0x00000000ff300000, 0x0000000100000000)
  eden space 297984K, 100% used [0x00000000e0000000,0x00000000f2300000,0x00000000f2300000)
  from space 102400K, 42% used [0x00000000f2300000,0x00000000f4d52cc0,0x00000000f8700000)
  to   space 98304K, 0% used [0x00000000f9300000,0x00000000f9300000,0x00000000ff300000)
 ParOldGen       total 483328K, used 399430K [0x00000000a0000000, 0x00000000bd800000, 0x00000000e0000000)
  object space 483328K, 82% used [0x00000000a0000000,0x00000000b86119e8,0x00000000bd800000)
 Metaspace       used 83338K, capacity 85742K, committed 86272K, reserved 1124352K
  class space    used 10153K, capacity 10708K, committed 10752K, reserved 1048576K
Event: 157.043 GC heap after
Heap after GC invocations=47 (full 5):
 PSYoungGen      total 417280K, used 46641K [0x00000000e0000000, 0x00000000ff300000, 0x0000000100000000)
  eden space 318976K, 0% used [0x00000000e0000000,0x00000000e0000000,0x00000000f3780000)
  from space 98304K, 47% used [0x00000000f9300000,0x00000000fc08c5c0,0x00000000ff300000)
  to   space 93696K, 0% used [0x00000000f3780000,0x00000000f3780000,0x00000000f9300000)
 ParOldGen       total 483328K, used 441316K [0x00000000a0000000, 0x00000000bd800000, 0x00000000e0000000)
  object space 483328K, 91% used [0x00000000a0000000,0x00000000baef91e8,0x00000000bd800000)
 Metaspace       used 83338K, capacity 85742K, committed 86272K, reserved 1124352K
  class space    used 10153K, capacity 10708K, committed 10752K, reserved 1048576K
}
Event: 157.043 GC heap before
{Heap before GC invocations=48 (full 6):
 PSYoungGen      total 417280K, used 46641K [0x00000000e0000000, 0x00000000ff300000, 0x0000000100000000)
  eden space 318976K, 0% used [0x00000000e0000000,0x00000000e0000000,0x00000000f3780000)
  from space 98304K, 47% used [0x00000000f9300000,0x00000000fc08c5c0,0x00000000ff300000)
  to   space 93696K, 0% used [0x00000000f3780000,0x00000000f3780000,0x00000000f9300000)
 ParOldGen       total 483328K, used 441316K [0x00000000a0000000, 0x00000000bd800000, 0x00000000e0000000)
  object space 483328K, 91% used [0x00000000a0000000,0x00000000baef91e8,0x00000000bd800000)
 Metaspace       used 83338K, capacity 85742K, committed 86272K, reserved 1124352K
  class space    used 10153K, capacity 10708K, committed 10752K, reserved 1048576K

